
> photography-cms@1.0.0 cms:dev /Users/andy.freidenfelds/Code/Personal/photography-cms
> pnpm --filter @photographer-cms/cms dev


> @photographer-cms/cms@1.0.0 dev /Users/andy.freidenfelds/Code/Personal/photography-cms/packages/cms
> astro dev

[2m15:12:00[22m [34m[@astrojs/node][39m Enabling sessions with filesystem storage
[2m15:12:01[22m [34m[types][39m Generated [2m1ms[22m
[2m15:12:01[22m [34m[content][39m Syncing content
[2m15:12:01[22m [34m[content][39m Synced content
[2m15:12:01[22m [34m[vite][39m Re-optimizing dependencies because lockfile has changed

[42m[1m astro [22m[49m [32mv5.10.2[39m [2mready in[22m 1230 [2mms[22m

[2m┃[22m Local    [36mhttp://localhost:3001/[39m
[2m┃[22m Network  [36mhttp://10.0.0.226:3001/[39m

[2m15:12:01[22m [32mwatching for file changes...[39m
[2m15:12:01[22m [34m[astro:db][39m New local database created.
[31m[1m15:12:07[22m [ERROR][39m [31m[ActionsCantBeLoaded][39m An unknown error was thrown while loading the Astro actions file.
  [1mError reference:[22m
    [36m[4mhttps://docs.astro.build/en/reference/errors/actions-cant-be-loaded/[24m[39m
  [1mStack trace:[22m
[2m    at /Users/andy.freidenfelds/Code/Personal/photography-cms/packages/cms/Users/andy.freidenfelds/Code/Personal/photography-cms/node_modules/.pnpm/astro@5.10.2_@types+node@24.0.10_jiti@1.21.7_rollup@4.44.1_typescript@5.8.3_yaml@2.8.0/node_modules/astro/dist/actions/loadActions.js:8:11
    [...] See full stack trace in the browser, or rerun with --verbose.[22m
  [1mCaused by:[22m
[2m  Cannot read properties of undefined (reading 'object')
    at eval (/Users/andy.freidenfelds/Code/Personal/photography-cms/packages/cms/src/actions/index.ts:8:36)
    [...] See full stack trace in the browser, or rerun with --verbose.[22m
[31m[1m15:12:07[22m [ERROR][39m [31m[UnhandledRejection][39m Astro detected an unhandled rejection. Here's the stack trace:
BetterAuthError: Failed to initialize database adapter
  [1mHint:[22m
[33m    Make sure your promises all have an `await` or a `.catch()` handler.[39m
  [1mError reference:[22m
    [36m[4mhttps://docs.astro.build/en/reference/errors/unhandled-rejection/[24m[39m
  [1mStack trace:[22m
[2m    at /Users/andy.freidenfelds/Code/Personal/photography-cms/packages/cms/Users/andy.freidenfelds/Code/Personal/photography-cms/node_modules/.pnpm/astro@5.10.2_@types+node@24.0.10_jiti@1.21.7_rollup@4.44.1_typescript@5.8.3_yaml@2.8.0/node_modules/astro/dist/vite-plugin-astro-server/plugin.js:80:62
    [...] See full stack trace in the browser, or rerun with --verbose.[22m
[31m[1m15:12:07[22m [ERROR][39m [31m[ActionsCantBeLoaded][39m An unknown error was thrown while loading the Astro actions file.
  [1mError reference:[22m
    [36m[4mhttps://docs.astro.build/en/reference/errors/actions-cant-be-loaded/[24m[39m
  [1mStack trace:[22m
[2m    at loadActions (file:///Users/andy.freidenfelds/Code/Personal/photography-cms/node_modules/.pnpm/astro@5.10.2_@types+node@24.0.10_jiti@1.21.7_rollup@4.44.1_typescript@5.8.3_yaml@2.8.0/node_modules/astro/dist/actions/loadActions.js:8:11)
    [...] See full stack trace in the browser, or rerun with --verbose.[22m
  [1mCaused by:[22m
[2m  Cannot read properties of undefined (reading 'object')
    at eval (/Users/andy.freidenfelds/Code/Personal/photography-cms/packages/cms/src/actions/index.ts:8:36)
    [...] See full stack trace in the browser, or rerun with --verbose.[22m
[31m[1m15:12:17[22m [ERROR][39m [31m[ActionsCantBeLoaded][39m An unknown error was thrown while loading the Astro actions file.
  [1mError reference:[22m
    [36m[4mhttps://docs.astro.build/en/reference/errors/actions-cant-be-loaded/[24m[39m
  [1mStack trace:[22m
[2m    at /Users/andy.freidenfelds/Code/Personal/photography-cms/packages/cms/Users/andy.freidenfelds/Code/Personal/photography-cms/node_modules/.pnpm/astro@5.10.2_@types+node@24.0.10_jiti@1.21.7_rollup@4.44.1_typescript@5.8.3_yaml@2.8.0/node_modules/astro/dist/actions/loadActions.js:8:11
    [...] See full stack trace in the browser, or rerun with --verbose.[22m
  [1mCaused by:[22m
[2m  Cannot read properties of undefined (reading 'object')
    at eval (/Users/andy.freidenfelds/Code/Personal/photography-cms/packages/cms/src/actions/index.ts:8:36)
    [...] See full stack trace in the browser, or rerun with --verbose.[22m
[31m[1m15:12:17[22m [ERROR][39m [31m[ActionsCantBeLoaded][39m An unknown error was thrown while loading the Astro actions file.
  [1mError reference:[22m
    [36m[4mhttps://docs.astro.build/en/reference/errors/actions-cant-be-loaded/[24m[39m
  [1mStack trace:[22m
[2m    at /Users/andy.freidenfelds/Code/Personal/photography-cms/packages/cms/Users/andy.freidenfelds/Code/Personal/photography-cms/node_modules/.pnpm/astro@5.10.2_@types+node@24.0.10_jiti@1.21.7_rollup@4.44.1_typescript@5.8.3_yaml@2.8.0/node_modules/astro/dist/actions/loadActions.js:8:11
    [...] See full stack trace in the browser, or rerun with --verbose.[22m
  [1mCaused by:[22m
[2m  Cannot read properties of undefined (reading 'object')
    at eval (/Users/andy.freidenfelds/Code/Personal/photography-cms/packages/cms/src/actions/index.ts:8:36)
    [...] See full stack trace in the browser, or rerun with --verbose.[22m
Auth middleware error: [BetterAuthError: Failed to initialize database adapter] {
  cause: [90mundefined[39m
}
[2m15:13:21[22m [33m[302][39m / [2m23ms[22m
(node:72559) PromiseRejectionHandledWarning: Promise rejection was handled asynchronously (rejection id: 114)
(Use `node --trace-warnings ...` to show where the warning was created)
[31m[1m15:13:21[22m [ERROR][39m Failed to initialize database adapter
Auth middleware error: [BetterAuthError: Failed to initialize database adapter] {
  cause: [90mundefined[39m,
  hint: [90mundefined[39m
}
[31m[1m15:13:21[22m [ERROR][39m Failed to initialize database adapter
[31m[1m15:14:02[22m [ERROR][39m [31m[UnhandledRejection][39m Astro detected an unhandled rejection. Here's the stack trace:
BetterAuthError: Failed to initialize database adapter
  [1mHint:[22m
[33m    Make sure your promises all have an `await` or a `.catch()` handler.[39m
  [1mError reference:[22m
    [36m[4mhttps://docs.astro.build/en/reference/errors/unhandled-rejection/[24m[39m
  [1mStack trace:[22m
[2m    at /Users/andy.freidenfelds/Code/Personal/photography-cms/packages/cms/Users/andy.freidenfelds/Code/Personal/photography-cms/node_modules/.pnpm/astro@5.10.2_@types+node@24.0.10_jiti@1.21.7_rollup@4.44.1_typescript@5.8.3_yaml@2.8.0/node_modules/astro/dist/vite-plugin-astro-server/plugin.js:80:62
    [...] See full stack trace in the browser, or rerun with --verbose.[22m
[31m[1m15:14:02[22m [ERROR][39m Failed to initialize database adapter
(node:72559) PromiseRejectionHandledWarning: Promise rejection was handled asynchronously (rejection id: 116)
Auth middleware error: [BetterAuthError: Failed to initialize database adapter] {
  cause: [90mundefined[39m,
  hint: [90mundefined[39m
}
[31m[1m15:14:02[22m [ERROR][39m Failed to initialize database adapter
[31m[1m15:14:13[22m [ERROR][39m [31m[UnhandledRejection][39m Astro detected an unhandled rejection. Here's the stack trace:
BetterAuthError: Failed to initialize database adapter
  [1mHint:[22m
[33m    Make sure your promises all have an `await` or a `.catch()` handler.[39m
  [1mError reference:[22m
    [36m[4mhttps://docs.astro.build/en/reference/errors/unhandled-rejection/[24m[39m
  [1mStack trace:[22m
[2m    at /Users/andy.freidenfelds/Code/Personal/photography-cms/packages/cms/Users/andy.freidenfelds/Code/Personal/photography-cms/node_modules/.pnpm/astro@5.10.2_@types+node@24.0.10_jiti@1.21.7_rollup@4.44.1_typescript@5.8.3_yaml@2.8.0/node_modules/astro/dist/vite-plugin-astro-server/plugin.js:80:62
    [...] See full stack trace in the browser, or rerun with --verbose.[22m
[31m[1m15:14:13[22m [ERROR][39m Failed to initialize database adapter
(node:72559) PromiseRejectionHandledWarning: Promise rejection was handled asynchronously (rejection id: 118)
Auth middleware error: [BetterAuthError: Failed to initialize database adapter] {
  cause: [90mundefined[39m,
  hint: [90mundefined[39m
}
[31m[1m15:14:13[22m [ERROR][39m Failed to initialize database adapter
[31m[1m15:15:07[22m [ERROR][39m Failed to initialize database adapter
Auth middleware error: [BetterAuthError: Failed to initialize database adapter] {
  cause: [90mundefined[39m,
  hint: [90mundefined[39m
}
[31m[1m15:15:07[22m [ERROR][39m Failed to initialize database adapter
[31m[1m15:54:38[22m [ERROR][39m Failed to initialize database adapter
Auth middleware error: [BetterAuthError: Failed to initialize database adapter] {
  cause: [90mundefined[39m,
  hint: [90mundefined[39m
}
[31m[1m15:54:38[22m [ERROR][39m Failed to initialize database adapter
[2m15:57:34[22m Configuration file updated. Restarting...
[2m15:57:34[22m [34m[@astrojs/node][39m Enabling sessions with filesystem storage
[2m15:57:34[22m [34m[vite][39m Re-optimizing dependencies because lockfile has changed
[2m15:57:34[22m [34m[content][39m Syncing content
[2m15:57:34[22m [34m[content][39m Synced content
[2m15:57:34[22m [34m[types][39m Generated [2m41ms[22m
[2m15:57:34[22m [34m[vite][39m Re-optimizing dependencies because vite config has changed
[2m15:57:34[22m [34m[astro:db][39m New local database created.
[2m15:57:34[22m [34m[astro:db][39m New local database created.
[31m[1m15:57:34[22m [ERROR][39m [31m[UnhandledRejection][39m Astro detected an unhandled rejection. Here's the stack trace:
BetterAuthError: Failed to initialize database adapter
  [1mHint:[22m
[33m    Make sure your promises all have an `await` or a `.catch()` handler.[39m
  [1mError reference:[22m
    [36m[4mhttps://docs.astro.build/en/reference/errors/unhandled-rejection/[24m[39m
  [1mStack trace:[22m
[2m    at /Users/andy.freidenfelds/Code/Personal/photography-cms/packages/cms/Users/andy.freidenfelds/Code/Personal/photography-cms/node_modules/.pnpm/astro@5.10.2_@types+node@24.0.10_jiti@1.21.7_rollup@4.44.1_typescript@5.8.3_yaml@2.8.0/node_modules/astro/dist/vite-plugin-astro-server/plugin.js:80:62
    [...] See full stack trace in the browser, or rerun with --verbose.[22m
[31m[1m15:57:34[22m [ERROR][39m Failed to initialize database adapter
(node:72559) PromiseRejectionHandledWarning: Promise rejection was handled asynchronously (rejection id: 258)
Auth middleware error: [BetterAuthError: Failed to initialize database adapter] {
  cause: [90mundefined[39m,
  hint: [90mundefined[39m
}
[31m[1m15:57:34[22m [ERROR][39m Failed to initialize database adapter
[2m15:57:46[22m Configuration file updated. Restarting...
[2m15:57:46[22m [34m[@astrojs/node][39m Enabling sessions with filesystem storage
[2m15:57:46[22m [34m[vite][39m Re-optimizing dependencies because vite config has changed
[2m15:57:46[22m [34m[content][39m Syncing content
[2m15:57:46[22m [34m[content][39m Synced content
[2m15:57:46[22m [34m[types][39m Generated [2m36ms[22m
[2m15:57:46[22m [34m[vite][39m Re-optimizing dependencies because vite config has changed
[31m[1m15:57:47[22m [ERROR][39m Cannot find module 'astro:db' imported from '/Users/andy.freidenfelds/Code/Personal/photography-cms/packages/cms/src/lib/auth.ts'
  [1mStack trace:[22m
[2m    at fetchModule (file:///Users/andy.freidenfelds/Code/Personal/photography-cms/node_modules/.pnpm/vite@6.3.5_@types+node@24.0.10_jiti@1.21.7_yaml@2.8.0/node_modules/vite/dist/node/chunks/dep-DBxKXgDP.js:46813:19)
    at fetchModule (file:///Users/andy.freidenfelds/Code/Personal/photography-cms/node_modules/.pnpm/vite@6.3.5_@types+node@24.0.10_jiti@1.21.7_yaml@2.8.0/node_modules/vite/dist/node/chunks/dep-DBxKXgDP.js:47858:21)
    at EventEmitter.listenerForInvokeHandler (file:///Users/andy.freidenfelds/Code/Personal/photography-cms/node_modules/.pnpm/vite@6.3.5_@types+node@24.0.10_jiti@1.21.7_yaml@2.8.0/node_modules/vite/dist/node/chunks/dep-DBxKXgDP.js:39046:25)
    at Object.send (file:///Users/andy.freidenfelds/Code/Personal/photography-cms/node_modules/.pnpm/vite@6.3.5_@types+node@24.0.10_jiti@1.21.7_yaml@2.8.0/node_modules/vite/dist/node/chunks/dep-DBxKXgDP.js:25190:40)
    at Object.invoke (file:///Users/andy.freidenfelds/Code/Personal/photography-cms/node_modules/.pnpm/vite@6.3.5_@types+node@24.0.10_jiti@1.21.7_yaml@2.8.0/node_modules/vite/dist/node/module-runner.js:682:34)[22m
[31m[1m15:57:47[22m [ERROR][39m [31m[ActionsCantBeLoaded][39m An unknown error was thrown while loading the Astro actions file.
  [1mError reference:[22m
    [36m[4mhttps://docs.astro.build/en/reference/errors/actions-cant-be-loaded/[24m[39m
  [1mStack trace:[22m
[2m    at /Users/andy.freidenfelds/Code/Personal/photography-cms/packages/cms/Users/andy.freidenfelds/Code/Personal/photography-cms/node_modules/.pnpm/astro@5.10.2_@types+node@24.0.10_jiti@1.21.7_rollup@4.44.1_typescript@5.8.3_yaml@2.8.0/node_modules/astro/dist/actions/loadActions.js:8:11
    [...] See full stack trace in the browser, or rerun with --verbose.[22m
  [1mCaused by:[22m
[2m  Cannot find module 'astro:db' imported from '/Users/andy.freidenfelds/Code/Personal/photography-cms/packages/cms/src/lib/auth.ts'
    at fetchModule (file:///Users/andy.freidenfelds/Code/Personal/photography-cms/node_modules/.pnpm/vite@6.3.5_@types+node@24.0.10_jiti@1.21.7_yaml@2.8.0/node_modules/vite/dist/node/chunks/dep-DBxKXgDP.js:46813:19)
    [...] See full stack trace in the browser, or rerun with --verbose.[22m
[31m[1m15:59:18[22m [ERROR][39m Cannot find module 'astro:db' imported from '/Users/andy.freidenfelds/Code/Personal/photography-cms/packages/cms/src/lib/auth.ts'
  [1mStack trace:[22m
[2m    at fetchModule (file:///Users/andy.freidenfelds/Code/Personal/photography-cms/node_modules/.pnpm/vite@6.3.5_@types+node@24.0.10_jiti@1.21.7_yaml@2.8.0/node_modules/vite/dist/node/chunks/dep-DBxKXgDP.js:46813:19)
    at fetchModule (file:///Users/andy.freidenfelds/Code/Personal/photography-cms/node_modules/.pnpm/vite@6.3.5_@types+node@24.0.10_jiti@1.21.7_yaml@2.8.0/node_modules/vite/dist/node/chunks/dep-DBxKXgDP.js:47858:21)
    at EventEmitter.listenerForInvokeHandler (file:///Users/andy.freidenfelds/Code/Personal/photography-cms/node_modules/.pnpm/vite@6.3.5_@types+node@24.0.10_jiti@1.21.7_yaml@2.8.0/node_modules/vite/dist/node/chunks/dep-DBxKXgDP.js:39046:25)
    at Object.send (file:///Users/andy.freidenfelds/Code/Personal/photography-cms/node_modules/.pnpm/vite@6.3.5_@types+node@24.0.10_jiti@1.21.7_yaml@2.8.0/node_modules/vite/dist/node/chunks/dep-DBxKXgDP.js:25190:40)
    at Object.invoke (file:///Users/andy.freidenfelds/Code/Personal/photography-cms/node_modules/.pnpm/vite@6.3.5_@types+node@24.0.10_jiti@1.21.7_yaml@2.8.0/node_modules/vite/dist/node/module-runner.js:682:34)[22m
[31m[1m15:59:18[22m [ERROR][39m [31m[ActionsCantBeLoaded][39m An unknown error was thrown while loading the Astro actions file.
  [1mError reference:[22m
    [36m[4mhttps://docs.astro.build/en/reference/errors/actions-cant-be-loaded/[24m[39m
  [1mStack trace:[22m
[2m    at /Users/andy.freidenfelds/Code/Personal/photography-cms/packages/cms/Users/andy.freidenfelds/Code/Personal/photography-cms/node_modules/.pnpm/astro@5.10.2_@types+node@24.0.10_jiti@1.21.7_rollup@4.44.1_typescript@5.8.3_yaml@2.8.0/node_modules/astro/dist/actions/loadActions.js:8:11
    [...] See full stack trace in the browser, or rerun with --verbose.[22m
  [1mCaused by:[22m
[2m  Cannot find module 'astro:db' imported from '/Users/andy.freidenfelds/Code/Personal/photography-cms/packages/cms/src/lib/auth.ts'
    at fetchModule (file:///Users/andy.freidenfelds/Code/Personal/photography-cms/node_modules/.pnpm/vite@6.3.5_@types+node@24.0.10_jiti@1.21.7_yaml@2.8.0/node_modules/vite/dist/node/chunks/dep-DBxKXgDP.js:46813:19)
    [...] See full stack trace in the browser, or rerun with --verbose.[22m
[31m[1m15:59:34[22m [ERROR][39m Missing "./adapters/libsql" specifier in "better-auth" package
  [1mStack trace:[22m
[2m    at /Users/andy.freidenfelds/Code/Personal/photography-cms/packages/cms/src/lib/auth.ts:7:30
    [...] See full stack trace in the browser, or rerun with --verbose.[22m
[31m[1m15:59:34[22m [ERROR][39m [31m[ActionsCantBeLoaded][39m An unknown error was thrown while loading the Astro actions file.
  [1mError reference:[22m
    [36m[4mhttps://docs.astro.build/en/reference/errors/actions-cant-be-loaded/[24m[39m
  [1mStack trace:[22m
[2m    at /Users/andy.freidenfelds/Code/Personal/photography-cms/packages/cms/Users/andy.freidenfelds/Code/Personal/photography-cms/node_modules/.pnpm/astro@5.10.2_@types+node@24.0.10_jiti@1.21.7_rollup@4.44.1_typescript@5.8.3_yaml@2.8.0/node_modules/astro/dist/actions/loadActions.js:8:11
    [...] See full stack trace in the browser, or rerun with --verbose.[22m
  [1mCaused by:[22m
[2m  Missing "./adapters/libsql" specifier in "better-auth" package
    at e (file:///Users/andy.freidenfelds/Code/Personal/photography-cms/node_modules/.pnpm/vite@6.3.5_@types+node@24.0.10_jiti@1.21.7_yaml@2.8.0/node_modules/vite/dist/node/chunks/dep-DBxKXgDP.js:12200:25)
    [...] See full stack trace in the browser, or rerun with --verbose.[22m
[31m[1m15:59:55[22m [ERROR][39m Missing "./adapters/libsql" specifier in "better-auth" package
  [1mStack trace:[22m
[2m    at /Users/andy.freidenfelds/Code/Personal/photography-cms/packages/cms/src/lib/auth.ts:7:30
    [...] See full stack trace in the browser, or rerun with --verbose.[22m
[31m[1m15:59:55[22m [ERROR][39m [31m[ActionsCantBeLoaded][39m An unknown error was thrown while loading the Astro actions file.
  [1mError reference:[22m
    [36m[4mhttps://docs.astro.build/en/reference/errors/actions-cant-be-loaded/[24m[39m
  [1mStack trace:[22m
[2m    at /Users/andy.freidenfelds/Code/Personal/photography-cms/packages/cms/Users/andy.freidenfelds/Code/Personal/photography-cms/node_modules/.pnpm/astro@5.10.2_@types+node@24.0.10_jiti@1.21.7_rollup@4.44.1_typescript@5.8.3_yaml@2.8.0/node_modules/astro/dist/actions/loadActions.js:8:11
    [...] See full stack trace in the browser, or rerun with --verbose.[22m
  [1mCaused by:[22m
[2m  Missing "./adapters/libsql" specifier in "better-auth" package
    at e (file:///Users/andy.freidenfelds/Code/Personal/photography-cms/node_modules/.pnpm/vite@6.3.5_@types+node@24.0.10_jiti@1.21.7_yaml@2.8.0/node_modules/vite/dist/node/chunks/dep-DBxKXgDP.js:12200:25)
    [...] See full stack trace in the browser, or rerun with --verbose.[22m
[31m[1m16:00:05[22m [ERROR][39m Missing "./adapters/libsql" specifier in "better-auth" package
  [1mStack trace:[22m
[2m    at /Users/andy.freidenfelds/Code/Personal/photography-cms/packages/cms/src/lib/auth.ts:7:30
    [...] See full stack trace in the browser, or rerun with --verbose.[22m
[31m[1m16:00:05[22m [ERROR][39m [31m[ActionsCantBeLoaded][39m An unknown error was thrown while loading the Astro actions file.
  [1mError reference:[22m
    [36m[4mhttps://docs.astro.build/en/reference/errors/actions-cant-be-loaded/[24m[39m
  [1mStack trace:[22m
[2m    at /Users/andy.freidenfelds/Code/Personal/photography-cms/packages/cms/Users/andy.freidenfelds/Code/Personal/photography-cms/node_modules/.pnpm/astro@5.10.2_@types+node@24.0.10_jiti@1.21.7_rollup@4.44.1_typescript@5.8.3_yaml@2.8.0/node_modules/astro/dist/actions/loadActions.js:8:11
    [...] See full stack trace in the browser, or rerun with --verbose.[22m
  [1mCaused by:[22m
[2m  Missing "./adapters/libsql" specifier in "better-auth" package
    at e (file:///Users/andy.freidenfelds/Code/Personal/photography-cms/node_modules/.pnpm/vite@6.3.5_@types+node@24.0.10_jiti@1.21.7_yaml@2.8.0/node_modules/vite/dist/node/chunks/dep-DBxKXgDP.js:12200:25)
    [...] See full stack trace in the browser, or rerun with --verbose.[22m
[2m16:00:24[22m Configuration file updated. Restarting...
[2m16:00:24[22m [34m[@astrojs/node][39m Enabling sessions with filesystem storage
[2m16:00:24[22m [34m[vite][39m Re-optimizing dependencies because vite config has changed
[2m16:00:24[22m [34m[content][39m Syncing content
[2m16:00:24[22m [34m[content][39m Synced content
[2m16:00:24[22m [34m[types][39m Generated [2m40ms[22m
[2m16:00:24[22m [34m[vite][39m Re-optimizing dependencies because vite config has changed
[2m16:00:24[22m [34m[astro:db][39m New local database created.
[2m16:00:24[22m [34m[astro:db][39m New local database created.
[31m[1m16:00:25[22m [ERROR][39m Missing "./adapters/libsql" specifier in "better-auth" package
  [1mStack trace:[22m
[2m    at /Users/andy.freidenfelds/Code/Personal/photography-cms/packages/cms/src/lib/auth.ts:7:30
    [...] See full stack trace in the browser, or rerun with --verbose.[22m
[31m[1m16:00:25[22m [ERROR][39m [31m[ActionsCantBeLoaded][39m An unknown error was thrown while loading the Astro actions file.
  [1mError reference:[22m
    [36m[4mhttps://docs.astro.build/en/reference/errors/actions-cant-be-loaded/[24m[39m
  [1mStack trace:[22m
[2m    at /Users/andy.freidenfelds/Code/Personal/photography-cms/packages/cms/Users/andy.freidenfelds/Code/Personal/photography-cms/node_modules/.pnpm/astro@5.10.2_@types+node@24.0.10_jiti@1.21.7_rollup@4.44.1_typescript@5.8.3_yaml@2.8.0/node_modules/astro/dist/actions/loadActions.js:8:11
    [...] See full stack trace in the browser, or rerun with --verbose.[22m
  [1mCaused by:[22m
[2m  Missing "./adapters/libsql" specifier in "better-auth" package
    at e (file:///Users/andy.freidenfelds/Code/Personal/photography-cms/node_modules/.pnpm/vite@6.3.5_@types+node@24.0.10_jiti@1.21.7_yaml@2.8.0/node_modules/vite/dist/node/chunks/dep-DBxKXgDP.js:12200:25)
    [...] See full stack trace in the browser, or rerun with --verbose.[22m
[31m[1m16:01:09[22m [ERROR][39m Missing "./adapters/libsql" specifier in "better-auth" package
  [1mStack trace:[22m
[2m    at /Users/andy.freidenfelds/Code/Personal/photography-cms/packages/cms/src/lib/auth.ts:7:30
    [...] See full stack trace in the browser, or rerun with --verbose.[22m
[31m[1m16:01:09[22m [ERROR][39m [31m[ActionsCantBeLoaded][39m An unknown error was thrown while loading the Astro actions file.
  [1mError reference:[22m
    [36m[4mhttps://docs.astro.build/en/reference/errors/actions-cant-be-loaded/[24m[39m
  [1mStack trace:[22m
[2m    at /Users/andy.freidenfelds/Code/Personal/photography-cms/packages/cms/Users/andy.freidenfelds/Code/Personal/photography-cms/node_modules/.pnpm/astro@5.10.2_@types+node@24.0.10_jiti@1.21.7_rollup@4.44.1_typescript@5.8.3_yaml@2.8.0/node_modules/astro/dist/actions/loadActions.js:8:11
    [...] See full stack trace in the browser, or rerun with --verbose.[22m
  [1mCaused by:[22m
[2m  Missing "./adapters/libsql" specifier in "better-auth" package
    at e (file:///Users/andy.freidenfelds/Code/Personal/photography-cms/node_modules/.pnpm/vite@6.3.5_@types+node@24.0.10_jiti@1.21.7_yaml@2.8.0/node_modules/vite/dist/node/chunks/dep-DBxKXgDP.js:12200:25)
    [...] See full stack trace in the browser, or rerun with --verbose.[22m
[31m[1m16:01:12[22m [ERROR][39m [31m[ActionsCantBeLoaded][39m An unknown error was thrown while loading the Astro actions file.
  [1mError reference:[22m
    [36m[4mhttps://docs.astro.build/en/reference/errors/actions-cant-be-loaded/[24m[39m
  [1mStack trace:[22m
[2m    at /Users/andy.freidenfelds/Code/Personal/photography-cms/packages/cms/Users/andy.freidenfelds/Code/Personal/photography-cms/node_modules/.pnpm/astro@5.10.2_@types+node@24.0.10_jiti@1.21.7_rollup@4.44.1_typescript@5.8.3_yaml@2.8.0/node_modules/astro/dist/actions/loadActions.js:8:11
    [...] See full stack trace in the browser, or rerun with --verbose.[22m
  [1mCaused by:[22m
[2m  Missing "./adapters/libsql" specifier in "better-auth" package
    at e (file:///Users/andy.freidenfelds/Code/Personal/photography-cms/node_modules/.pnpm/vite@6.3.5_@types+node@24.0.10_jiti@1.21.7_yaml@2.8.0/node_modules/vite/dist/node/chunks/dep-DBxKXgDP.js:12200:25)
    [...] See full stack trace in the browser, or rerun with --verbose.[22m
[31m[1m16:01:12[22m [ERROR][39m [31m[ActionsCantBeLoaded][39m An unknown error was thrown while loading the Astro actions file.
  [1mError reference:[22m
    [36m[4mhttps://docs.astro.build/en/reference/errors/actions-cant-be-loaded/[24m[39m
  [1mStack trace:[22m
[2m    at /Users/andy.freidenfelds/Code/Personal/photography-cms/packages/cms/Users/andy.freidenfelds/Code/Personal/photography-cms/node_modules/.pnpm/astro@5.10.2_@types+node@24.0.10_jiti@1.21.7_rollup@4.44.1_typescript@5.8.3_yaml@2.8.0/node_modules/astro/dist/actions/loadActions.js:8:11
    [...] See full stack trace in the browser, or rerun with --verbose.[22m
  [1mCaused by:[22m
[2m  Missing "./adapters/libsql" specifier in "better-auth" package
    at e (file:///Users/andy.freidenfelds/Code/Personal/photography-cms/node_modules/.pnpm/vite@6.3.5_@types+node@24.0.10_jiti@1.21.7_yaml@2.8.0/node_modules/vite/dist/node/chunks/dep-DBxKXgDP.js:12200:25)
    [...] See full stack trace in the browser, or rerun with --verbose.[22m
